<?xml version="1.0" encoding="UTF-8"?>
<!-- Generated by org.testng.reporters.JUnitReportReporter -->
<testsuite hostname="USER-20170626MT" name="base.ym.xiaoka.Login" tests="1" failures="0" timestamp="2 Aug 2017 02:45:18 GMT" time="6.045" errors="0">
  <testcase name="testLogin" time="6.045" classname="base.ym.xiaoka.Login"/>
</testsuite> <!-- base.ym.xiaoka.Login -->
