<?xml version="1.0" encoding="UTF-8"?>
<!-- Generated by org.testng.reporters.JUnitReportReporter -->
<testsuite hostname="USER-20170626MT" name="huoche.ym.xiaoka.EditHuoche" tests="1" failures="0" timestamp="14 Aug 2017 09:37:12 GMT" time="6.239" errors="0">
  <testcase name="testEditHuoche" time="6.239" classname="huoche.ym.xiaoka.EditHuoche"/>
</testsuite> <!-- huoche.ym.xiaoka.EditHuoche -->
