<?xml version="1.0" encoding="UTF-8"?>
<!-- Generated by org.testng.reporters.JUnitReportReporter -->
<testsuite hostname="USER-20170626MT" name="huoche.ym.xiaoka.AddHuoche" tests="1" failures="0" timestamp="14 Aug 2017 09:37:12 GMT" time="4.968" errors="0">
  <testcase name="testAddHuoche" time="4.968" classname="huoche.ym.xiaoka.AddHuoche"/>
</testsuite> <!-- huoche.ym.xiaoka.AddHuoche -->
