<?xml version="1.0" encoding="UTF-8"?>
<!-- Generated by org.testng.reporters.JUnitReportReporter -->
<testsuite hostname="USER-20170626MT" name="kehu.ym.xiaoka.SearchKehu" tests="1" failures="0" timestamp="11 Aug 2017 03:05:36 GMT" time="31.351" errors="0">
  <testcase name="testSearchKehu" time="31.351" classname="kehu.ym.xiaoka.SearchKehu"/>
</testsuite> <!-- kehu.ym.xiaoka.SearchKehu -->
