<?xml version="1.0" encoding="UTF-8"?>
<!-- Generated by org.testng.reporters.JUnitReportReporter -->
<testsuite hostname="USER-20170626MT" name="kehu.ym.xiaoka.AccountKehu" tests="1" failures="0" timestamp="17 Aug 2017 07:35:12 GMT" time="5.202" errors="0">
  <testcase name="testMoneyKehu" time="5.202" classname="kehu.ym.xiaoka.AccountKehu"/>
</testsuite> <!-- kehu.ym.xiaoka.AccountKehu -->
