<?xml version="1.0" encoding="UTF-8"?>
<!-- Generated by org.testng.reporters.JUnitReportReporter -->
<testsuite hostname="USER-20170626MT" name="huoche.ym.xiaoka.DeleteHuoche" tests="1" failures="0" timestamp="14 Aug 2017 09:37:12 GMT" time="5.234" errors="0">
  <testcase name="testDeleteHuoche" time="5.234" classname="huoche.ym.xiaoka.DeleteHuoche"/>
</testsuite> <!-- huoche.ym.xiaoka.DeleteHuoche -->
